30-Nov-2019 14:26:51.228 信息 [main] org.apache.catalina.startup.VersionLoggerListener.log Server version:        Apache Tomcat/9.0.10
30-Nov-2019 14:26:51.246 信息 [main] org.apache.catalina.startup.VersionLoggerListener.log Server built:          Jun 20 2018 17:32:21 UTC
30-Nov-2019 14:26:51.247 信息 [main] org.apache.catalina.startup.VersionLoggerListener.log Server number:         9.0.10.0
30-Nov-2019 14:26:51.248 信息 [main] org.apache.catalina.startup.VersionLoggerListener.log OS Name:               Windows 10
30-Nov-2019 14:26:51.248 信息 [main] org.apache.catalina.startup.VersionLoggerListener.log OS Version:            10.0
30-Nov-2019 14:26:51.248 信息 [main] org.apache.catalina.startup.VersionLoggerListener.log Architecture:          amd64
30-Nov-2019 14:26:51.248 信息 [main] org.apache.catalina.startup.VersionLoggerListener.log Java Home:             C:\Users\62709\Desktop\renfang\VRCAT\jre
30-Nov-2019 14:26:51.251 信息 [main] org.apache.catalina.startup.VersionLoggerListener.log JVM Version:           1.8.0_191-b12
30-Nov-2019 14:26:51.251 信息 [main] org.apache.catalina.startup.VersionLoggerListener.log JVM Vendor:            Oracle Corporation
30-Nov-2019 14:26:51.251 信息 [main] org.apache.catalina.startup.VersionLoggerListener.log CATALINA_BASE:         C:\Users\62709\Desktop\renfang\VRCAT
30-Nov-2019 14:26:51.252 信息 [main] org.apache.catalina.startup.VersionLoggerListener.log CATALINA_HOME:         C:\Users\62709\Desktop\renfang\VRCAT
30-Nov-2019 14:26:51.252 信息 [main] org.apache.catalina.startup.VersionLoggerListener.log Command line argument: -Djava.util.logging.config.file=C:\Users\62709\Desktop\renfang\VRCAT\conf\logging.properties
30-Nov-2019 14:26:51.252 信息 [main] org.apache.catalina.startup.VersionLoggerListener.log Command line argument: -Djava.util.logging.manager=org.apache.juli.ClassLoaderLogManager
30-Nov-2019 14:26:51.252 信息 [main] org.apache.catalina.startup.VersionLoggerListener.log Command line argument: -Djdk.tls.ephemeralDHKeySize=2048
30-Nov-2019 14:26:51.252 信息 [main] org.apache.catalina.startup.VersionLoggerListener.log Command line argument: -Djava.protocol.handler.pkgs=org.apache.catalina.webresources
30-Nov-2019 14:26:51.253 信息 [main] org.apache.catalina.startup.VersionLoggerListener.log Command line argument: -Dignore.endorsed.dirs=
30-Nov-2019 14:26:51.253 信息 [main] org.apache.catalina.startup.VersionLoggerListener.log Command line argument: -Dcatalina.base=C:\Users\62709\Desktop\renfang\VRCAT
30-Nov-2019 14:26:51.253 信息 [main] org.apache.catalina.startup.VersionLoggerListener.log Command line argument: -Dcatalina.home=C:\Users\62709\Desktop\renfang\VRCAT
30-Nov-2019 14:26:51.254 信息 [main] org.apache.catalina.startup.VersionLoggerListener.log Command line argument: -Djava.io.tmpdir=C:\Users\62709\Desktop\renfang\VRCAT\temp
30-Nov-2019 14:26:51.254 信息 [main] org.apache.catalina.core.AprLifecycleListener.lifecycleEvent The APR based Apache Tomcat Native library which allows optimal performance in production environments was not found on the java.library.path: [C:\Users\62709\Desktop\renfang\VRCAT\jre\bin;C:\WINDOWS\Sun\Java\bin;C:\WINDOWS\system32;C:\WINDOWS;C:\ProgramData\DockerDesktop\version-bin;C:\Program Files\Docker\Docker\Resources\bin;C:\Program Files (x86)\Intel\Intel(R) Management Engine Components\iCLS\;C:\Program Files\Intel\Intel(R) Management Engine Components\iCLS\;C:\JDK8\bin;C:\Git\bin;C:\Program Files (x86)\Common Files\Oracle\Java\javapath;C:\WINDOWS\system32;C:\WINDOWS;C:\WINDOWS\System32\Wbem;C:\WINDOWS\System32\WindowsPowerShell\v1.0\;C:\Software\maven\apache-maven-3.5.4\bin;C:\Software\gradle\gradle-4.10.2\bin;C:\Program Files (x86)\Intel\Intel(R) Management Engine Components\DAL;C:\Program Files\Intel\Intel(R) Management Engine Components\DAL;C:\Software\nodejs\;C:\WINDOWS\System32\OpenSSH\;C:\Program Files\Amazon\AWSCLI\bin\;C:\Program Files (x86)\sbt\bin;C:\Go\bin;C:\Redis\;C:\Program Files\dotnet\;C:\PuTTY\;C:\Users\62709\AppData\Local\Programs\Python\Python37\Scripts\;C:\Users\62709\AppData\Local\Programs\Python\Python37\;C:\Users\62709\AppData\Local\Microsoft\WindowsApps;C:\Users\62709\AppData\Roaming\npm;C:\Users\62709\AppData\Local\GitHubDesktop\bin;C:\Users\62709\go\bin;C:\Software\Microsoft VS Code\bin;C:\pyide\PyCharm 2019.1.3\bin;C:\Users\62709\.wurst;C:\jider\JetBrains Rider 2019.2\bin;C:\Users\62709\AppData\Local\BypassRuntm;%USERPROFILE%\AppData\Local\Microsoft\WindowsApps;;.]
30-Nov-2019 14:26:51.544 信息 [main] org.apache.coyote.AbstractProtocol.init Initializing ProtocolHandler ["http-nio-8090"]
30-Nov-2019 14:26:51.939 信息 [main] org.apache.tomcat.util.net.NioSelectorPool.getSharedSelector Using a shared selector for servlet write/read
30-Nov-2019 14:26:51.947 信息 [main] org.apache.coyote.AbstractProtocol.init Initializing ProtocolHandler ["ajp-nio-8099"]
30-Nov-2019 14:26:51.949 信息 [main] org.apache.tomcat.util.net.NioSelectorPool.getSharedSelector Using a shared selector for servlet write/read
30-Nov-2019 14:26:51.951 信息 [main] org.apache.catalina.startup.Catalina.load Initialization processed in 1173 ms
30-Nov-2019 14:26:51.996 信息 [main] org.apache.catalina.core.StandardService.startInternal Starting service [Catalina]
30-Nov-2019 14:26:51.996 信息 [main] org.apache.catalina.core.StandardEngine.startInternal Starting Servlet Engine: Apache Tomcat/9.0.10
30-Nov-2019 14:26:52.007 信息 [main] org.apache.catalina.startup.HostConfig.deployDirectory Deploying web application directory [C:\Users\62709\Desktop\renfang\VRCAT\webapps\ROOT]
30-Nov-2019 14:26:52.285 信息 [main] org.apache.catalina.startup.HostConfig.deployDirectory Deployment of web application directory [C:\Users\62709\Desktop\renfang\VRCAT\webapps\ROOT] has finished in [277] ms
30-Nov-2019 14:26:52.287 信息 [main] org.apache.coyote.AbstractProtocol.start Starting ProtocolHandler ["http-nio-8090"]
30-Nov-2019 14:26:52.295 信息 [main] org.apache.coyote.AbstractProtocol.start Starting ProtocolHandler ["ajp-nio-8099"]
30-Nov-2019 14:26:52.299 信息 [main] org.apache.catalina.startup.Catalina.start Server startup in 347 ms
30-Nov-2019 14:28:30.730 信息 [Thread-5] org.apache.coyote.AbstractProtocol.pause Pausing ProtocolHandler ["http-nio-8090"]
30-Nov-2019 14:28:31.099 信息 [Thread-5] org.apache.coyote.AbstractProtocol.pause Pausing ProtocolHandler ["ajp-nio-8099"]
30-Nov-2019 14:28:31.461 信息 [Thread-5] org.apache.catalina.core.StandardService.stopInternal Stopping service [Catalina]
30-Nov-2019 14:28:31.486 信息 [Thread-5] org.apache.coyote.AbstractProtocol.stop Stopping ProtocolHandler ["http-nio-8090"]
30-Nov-2019 14:28:31.488 信息 [Thread-5] org.apache.coyote.AbstractProtocol.stop Stopping ProtocolHandler ["ajp-nio-8099"]
30-Nov-2019 14:28:31.492 信息 [Thread-5] org.apache.coyote.AbstractProtocol.destroy Destroying ProtocolHandler ["http-nio-8090"]
30-Nov-2019 14:28:31.495 信息 [Thread-5] org.apache.coyote.AbstractProtocol.destroy Destroying ProtocolHandler ["ajp-nio-8099"]
